TN:
SF:src/assembler.ts
FN:134,estimateTokens
FN:195,truncateToTokenBudget
FN:205,getBudget
FNF:3
FNH:3
FNDA:92,estimateTokens
FNDA:45,truncateToTokenBudget
FNDA:12,getBudget
DA:44,1
DA:45,1
DA:46,1
DA:47,1
DA:48,1
DA:49,1
DA:50,1
DA:51,1
DA:52,1
DA:53,1
DA:54,1
DA:55,1
DA:56,1
DA:57,1
DA:60,1
DA:61,1
DA:62,1
DA:63,1
DA:64,1
DA:65,1
DA:66,1
DA:67,1
DA:68,1
DA:69,1
DA:70,1
DA:71,1
DA:72,1
DA:73,1
DA:74,1
DA:75,1
DA:76,1
DA:77,1
DA:78,1
DA:79,1
DA:80,1
DA:81,1
DA:82,1
DA:83,1
DA:84,1
DA:85,1
DA:86,1
DA:87,1
DA:88,1
DA:89,1
DA:90,1
DA:91,1
DA:92,1
DA:93,1
DA:94,1
DA:95,1
DA:96,1
DA:97,1
DA:98,1
DA:99,1
DA:100,1
DA:101,1
DA:102,1
DA:103,1
DA:104,1
DA:105,1
DA:106,1
DA:107,1
DA:108,1
DA:109,1
DA:110,1
DA:111,1
DA:112,1
DA:134,1
DA:135,92
DA:136,92
DA:138,1
DA:139,1
DA:140,1
DA:141,1
DA:142,1
DA:143,1
DA:144,1
DA:145,1
DA:146,1
DA:147,1
DA:148,1
DA:149,1
DA:150,1
DA:151,1
DA:152,1
DA:153,1
DA:154,1
DA:155,1
DA:156,1
DA:157,1
DA:158,1
DA:159,1
DA:160,1
DA:161,1
DA:162,1
DA:163,1
DA:164,1
DA:165,1
DA:166,1
DA:167,1
DA:168,1
DA:169,1
DA:170,1
DA:171,1
DA:172,1
DA:173,1
DA:174,1
DA:175,1
DA:176,1
DA:177,1
DA:178,1
DA:179,1
DA:180,1
DA:181,1
DA:182,1
DA:183,1
DA:184,1
DA:185,1
DA:186,1
DA:187,1
DA:188,1
DA:189,1
DA:190,1
DA:191,1
DA:192,1
DA:193,1
DA:195,1
DA:196,45
DA:197,45
DA:199,1
DA:200,1
DA:201,1
DA:202,45
DA:203,45
DA:205,1
DA:206,12
DA:207,12
DA:208,12
DA:209,12
DA:210,12
DA:211,0
DA:212,0
DA:213,0
DA:214,0
DA:215,12
DA:216,12
LF:146
LH:142
BRDA:134,0,0,92
BRDA:195,1,0,45
BRDA:197,2,0,44
BRDA:197,3,0,1
BRDA:202,4,0,0
BRDA:205,5,0,12
BRDA:210,6,0,0
BRF:7
BRH:5
end_of_record
TN:
SF:src/cache.ts
FN:44,cacheFilePath
FN:48,loadCache
FN:58,saveCache
FN:64,hashContent
FN:68,fileSig
FN:80,fingerprintGit
FN:87,fingerprintStack
FN:101,fingerprintStructure
FN:114,fingerprintConfig
FN:127,fingerprintWorkspace
FN:131,fingerprintCi
FN:143,fingerprintScripts
FN:157,mergeWithCache
FNF:13
FNH:12
FNDA:7,cacheFilePath
FNDA:4,loadCache
FNDA:3,saveCache
FNDA:31,hashContent
FNDA:21,fileSig
FNDA:0,fingerprintGit
FNDA:6,fingerprintStack
FNDA:5,fingerprintStructure
FNDA:5,fingerprintConfig
FNDA:5,fingerprintWorkspace
FNDA:5,fingerprintCi
FNDA:5,fingerprintScripts
FNDA:30,mergeWithCache
DA:1,1
DA:2,1
DA:3,1
DA:11,1
DA:13,1
DA:14,1
DA:44,1
DA:45,7
DA:46,7
DA:48,1
DA:49,4
DA:50,4
DA:51,2
DA:52,2
DA:53,3
DA:54,0
DA:55,0
DA:56,4
DA:58,1
DA:59,3
DA:60,3
DA:61,3
DA:62,3
DA:64,31
DA:65,31
DA:66,31
DA:68,21
DA:69,21
DA:70,21
DA:71,83
DA:72,83
DA:73,21
DA:74,21
DA:75,21
DA:76,83
DA:77,21
DA:78,21
DA:80,1
DA:81,0
DA:82,0
DA:83,0
DA:84,0
DA:85,0
DA:87,1
DA:88,6
DA:89,6
DA:90,6
DA:91,6
DA:92,6
DA:93,6
DA:94,6
DA:95,6
DA:96,6
DA:97,6
DA:98,6
DA:99,6
DA:101,1
DA:102,5
DA:103,5
DA:104,5
DA:105,20
DA:106,20
DA:107,0
DA:108,0
DA:109,20
DA:110,5
DA:111,5
DA:112,5
DA:114,1
DA:115,5
DA:116,5
DA:117,5
DA:118,20
DA:119,20
DA:120,0
DA:121,0
DA:122,0
DA:123,20
DA:124,5
DA:125,5
DA:127,1
DA:128,5
DA:129,5
DA:131,1
DA:132,5
DA:133,5
DA:134,0
DA:135,0
DA:136,0
DA:137,0
DA:138,0
DA:139,0
DA:140,0
DA:141,5
DA:143,1
DA:144,5
DA:145,5
DA:157,1
DA:158,30
DA:159,30
DA:160,30
DA:161,30
DA:162,30
DA:163,30
DA:164,30
DA:165,24
DA:166,24
DA:167,6
DA:168,6
DA:169,6
DA:170,6
DA:171,0
DA:172,0
LF:113
LH:92
BRDA:44,0,0,7
BRDA:48,1,0,4
BRDA:50,2,0,2
BRDA:50,3,0,3
BRDA:50,4,0,2
BRDA:53,5,0,0
BRDA:58,6,0,3
BRDA:60,7,0,2
BRDA:64,8,0,31
BRDA:68,9,0,21
BRDA:70,10,0,83
BRDA:72,11,0,21
BRDA:87,12,0,6
BRDA:101,13,0,5
BRDA:104,14,0,20
BRDA:106,15,0,0
BRDA:114,16,0,5
BRDA:117,17,0,20
BRDA:119,18,0,0
BRDA:127,19,0,5
BRDA:131,20,0,5
BRDA:133,21,0,0
BRDA:143,22,0,5
BRDA:157,23,0,30
BRDA:164,24,0,6
BRDA:164,25,0,6
BRDA:164,26,0,24
BRDA:166,27,0,6
BRDA:170,28,0,0
BRF:29
BRH:24
end_of_record
TN:
SF:src/check.ts
FN:1,(empty-report)
FNF:1
FNH:0
FNDA:0,(empty-report)
DA:1,0
DA:2,0
DA:4,0
DA:5,0
DA:6,0
DA:25,0
DA:26,0
DA:27,0
DA:28,0
DA:30,0
DA:31,0
DA:32,0
DA:33,0
DA:34,0
DA:35,0
DA:36,0
DA:38,0
DA:40,0
DA:41,0
DA:42,0
DA:43,0
DA:45,0
DA:46,0
DA:48,0
DA:49,0
DA:50,0
DA:51,0
DA:52,0
DA:53,0
DA:54,0
DA:55,0
DA:56,0
DA:58,0
DA:59,0
DA:60,0
DA:61,0
DA:62,0
DA:63,0
DA:64,0
DA:65,0
DA:66,0
DA:68,0
DA:69,0
DA:70,0
DA:71,0
DA:72,0
DA:73,0
DA:74,0
DA:75,0
DA:76,0
DA:77,0
DA:78,0
DA:80,0
DA:81,0
DA:82,0
DA:83,0
DA:84,0
DA:85,0
DA:86,0
DA:87,0
DA:88,0
DA:89,0
DA:91,0
DA:92,0
DA:93,0
DA:94,0
DA:95,0
DA:96,0
DA:97,0
DA:99,0
DA:100,0
DA:102,0
DA:103,0
DA:104,0
DA:106,0
DA:107,0
DA:108,0
DA:109,0
DA:110,0
DA:111,0
DA:112,0
DA:113,0
DA:115,0
DA:116,0
LF:84
LH:0
BRDA:1,0,0,0
BRF:1
BRH:0
end_of_record
TN:
SF:src/cli.ts
FN:1,(empty-report)
FNF:1
FNH:1
FNDA:1,(empty-report)
DA:3,0
DA:4,0
DA:5,0
DA:6,0
DA:7,0
DA:8,0
DA:9,0
DA:10,0
DA:11,0
DA:12,0
DA:14,0
DA:16,0
DA:17,0
DA:18,0
DA:19,0
DA:20,0
DA:21,0
DA:23,0
DA:24,0
DA:25,0
DA:43,0
DA:44,0
DA:46,0
DA:47,0
DA:48,0
DA:49,0
DA:51,0
DA:52,0
DA:53,0
DA:54,0
DA:55,0
DA:56,0
DA:57,0
DA:58,0
DA:59,0
DA:60,0
DA:61,0
DA:62,0
DA:63,0
DA:65,0
DA:66,0
DA:67,0
DA:68,0
DA:70,0
DA:71,0
DA:72,0
DA:73,0
DA:74,0
DA:75,0
DA:76,0
DA:77,0
DA:78,0
DA:79,0
DA:80,0
DA:81,0
DA:82,0
DA:83,0
DA:84,0
DA:85,0
DA:87,0
DA:88,0
DA:89,0
DA:90,0
DA:91,0
DA:92,0
DA:93,0
DA:95,0
DA:96,0
DA:97,0
DA:98,0
DA:99,0
DA:101,0
DA:102,0
DA:103,0
DA:104,0
DA:105,0
DA:106,0
DA:107,0
DA:108,0
DA:109,0
DA:110,0
DA:111,0
DA:113,0
DA:114,0
DA:115,0
DA:116,0
DA:117,0
DA:118,0
DA:119,0
DA:120,0
DA:122,0
DA:123,0
DA:124,0
DA:125,0
DA:126,0
DA:127,0
DA:128,0
DA:129,0
DA:130,0
DA:131,0
DA:132,0
DA:133,0
DA:134,0
DA:135,0
DA:136,0
DA:137,0
DA:138,0
DA:139,0
DA:140,0
DA:142,0
DA:143,0
DA:144,0
DA:145,0
DA:146,0
DA:148,0
DA:149,0
DA:150,0
DA:152,0
DA:153,0
DA:154,0
DA:155,0
DA:156,0
DA:157,0
DA:158,0
DA:159,0
DA:160,0
DA:161,0
DA:162,0
DA:163,0
DA:164,0
DA:171,0
DA:172,0
DA:173,0
DA:174,0
DA:175,0
DA:176,0
DA:177,0
DA:178,0
DA:179,0
DA:180,0
DA:181,0
DA:183,0
DA:184,0
DA:185,0
DA:186,0
DA:187,0
DA:188,0
DA:189,0
DA:190,0
DA:191,0
DA:192,0
DA:194,0
DA:195,0
DA:196,0
DA:197,0
DA:198,0
DA:199,0
DA:200,0
DA:201,0
DA:202,0
DA:203,0
DA:205,0
DA:206,0
DA:207,0
DA:209,0
DA:210,0
DA:211,0
DA:212,0
DA:213,0
DA:214,0
DA:215,0
DA:216,0
DA:217,0
DA:218,0
DA:219,0
DA:220,0
DA:221,0
DA:222,0
DA:223,0
DA:224,0
DA:225,0
DA:226,0
DA:227,0
DA:228,0
DA:229,0
DA:231,0
DA:232,0
DA:233,0
DA:234,0
DA:235,0
DA:236,0
DA:237,0
DA:238,0
DA:239,0
DA:240,0
DA:241,0
DA:242,0
DA:243,0
DA:244,0
DA:245,0
DA:246,0
DA:247,0
DA:249,0
DA:250,0
DA:251,0
LF:205
LH:0
BRDA:1,0,0,1
BRF:1
BRH:1
end_of_record
TN:
SF:src/config-file.ts
FN:34,loadHandoffConfig
FN:59,mergeSections
FN:63,resolveFormat
FNF:3
FNH:3
FNDA:5,loadHandoffConfig
FNDA:5,mergeSections
FNDA:5,resolveFormat
DA:1,1
DA:2,1
DA:3,1
DA:19,1
DA:21,1
DA:22,1
DA:23,1
DA:24,1
DA:25,1
DA:26,1
DA:27,1
DA:28,1
DA:29,1
DA:30,1
DA:31,1
DA:32,1
DA:34,1
DA:35,5
DA:36,5
DA:37,5
DA:38,5
DA:39,5
DA:40,15
DA:41,15
DA:42,0
DA:43,0
DA:44,0
DA:45,0
DA:46,0
DA:47,0
DA:48,0
DA:49,0
DA:50,0
DA:51,0
DA:52,0
DA:53,0
DA:54,0
DA:55,15
DA:56,5
DA:57,5
DA:59,1
DA:60,5
DA:61,5
DA:63,1
DA:64,5
DA:65,5
DA:66,5
DA:67,5
DA:68,5
DA:69,5
DA:70,5
DA:71,0
DA:72,0
LF:53
LH:38
BRDA:34,0,0,5
BRDA:39,1,0,15
BRDA:41,2,0,0
BRDA:59,3,0,5
BRDA:63,4,0,5
BRDA:70,5,0,0
BRF:6
BRH:4
end_of_record
TN:
SF:src/diff.ts
FN:1,(empty-report)
FNF:1
FNH:0
FNDA:0,(empty-report)
DA:1,0
DA:2,0
DA:3,0
DA:15,0
DA:17,0
DA:18,0
DA:19,0
DA:20,0
DA:21,0
DA:22,0
DA:23,0
DA:24,0
DA:25,0
DA:26,0
DA:27,0
DA:29,0
DA:30,0
DA:31,0
DA:32,0
DA:33,0
DA:34,0
DA:35,0
DA:36,0
DA:37,0
DA:38,0
DA:39,0
DA:41,0
DA:42,0
DA:43,0
DA:44,0
DA:45,0
DA:47,0
DA:48,0
DA:49,0
DA:51,0
DA:52,0
DA:53,0
DA:54,0
DA:55,0
DA:56,0
DA:57,0
DA:58,0
DA:60,0
DA:61,0
DA:62,0
DA:63,0
DA:64,0
DA:65,0
DA:66,0
DA:67,0
DA:68,0
DA:70,0
DA:71,0
DA:72,0
DA:73,0
DA:74,0
DA:75,0
DA:76,0
DA:78,0
DA:79,0
DA:80,0
DA:81,0
DA:82,0
DA:83,0
DA:84,0
DA:86,0
DA:87,0
DA:88,0
DA:89,0
DA:90,0
DA:91,0
DA:92,0
DA:94,0
DA:95,0
DA:96,0
DA:97,0
DA:99,0
DA:100,0
DA:101,0
DA:102,0
DA:104,0
DA:105,0
LF:82
LH:0
BRDA:1,0,0,0
BRF:1
BRH:0
end_of_record
TN:
SF:src/handoff.ts
FN:64,detectProjectName
FN:88,runHandoff
FN:302,writeHandoff
FN:306,installHook
FNF:4
FNH:2
FNDA:5,detectProjectName
FNDA:5,runHandoff
FNDA:0,writeHandoff
FNDA:0,installHook
DA:1,1
DA:2,1
DA:3,1
DA:4,1
DA:5,1
DA:6,1
DA:7,1
DA:8,1
DA:9,1
DA:10,1
DA:12,1
DA:25,1
DA:26,1
DA:27,1
DA:28,1
DA:29,1
DA:30,1
DA:31,1
DA:32,1
DA:64,5
DA:65,5
DA:66,5
DA:67,5
DA:68,5
DA:70,0
DA:71,0
DA:72,0
DA:73,0
DA:74,0
DA:75,5
DA:77,0
DA:78,0
DA:79,0
DA:80,0
DA:81,0
DA:82,5
DA:84,0
DA:85,0
DA:86,0
DA:88,1
DA:89,5
DA:90,5
DA:91,5
DA:93,5
DA:94,0
DA:95,0
DA:96,5
DA:97,0
DA:98,0
DA:100,5
DA:101,5
DA:102,5
DA:103,5
DA:104,5
DA:105,0
DA:106,5
DA:108,5
DA:109,5
DA:110,5
DA:111,5
DA:112,5
DA:113,5
DA:114,5
DA:116,5
DA:117,5
DA:118,5
DA:119,5
DA:120,5
DA:121,5
DA:122,5
DA:124,5
DA:125,0
DA:126,0
DA:128,5
DA:129,5
DA:130,0
DA:131,0
DA:132,0
DA:133,0
DA:134,0
DA:135,0
DA:136,0
DA:137,0
DA:138,0
DA:139,0
DA:140,0
DA:141,0
DA:142,0
DA:143,0
DA:144,0
DA:146,5
DA:147,5
DA:148,5
DA:149,5
DA:150,4
DA:151,4
DA:152,5
DA:153,5
DA:154,5
DA:155,5
DA:156,5
DA:157,1
DA:158,1
DA:159,1
DA:160,5
DA:162,5
DA:163,5
DA:164,5
DA:165,5
DA:166,5
DA:167,5
DA:168,5
DA:169,4
DA:170,4
DA:171,4
DA:172,4
DA:173,4
DA:174,5
DA:175,5
DA:176,5
DA:177,5
DA:178,5
DA:179,1
DA:180,1
DA:181,1
DA:182,5
DA:184,5
DA:185,5
DA:186,5
DA:187,5
DA:188,4
DA:189,4
DA:190,5
DA:191,5
DA:192,5
DA:193,5
DA:194,5
DA:195,1
DA:196,1
DA:197,1
DA:198,5
DA:200,5
DA:201,5
DA:202,5
DA:203,5
DA:204,4
DA:205,5
DA:206,5
DA:207,5
DA:208,5
DA:209,5
DA:210,1
DA:211,1
DA:212,1
DA:213,5
DA:215,5
DA:216,5
DA:217,5
DA:218,5
DA:219,5
DA:220,5
DA:221,5
DA:222,5
DA:223,1
DA:224,1
DA:225,1
DA:226,5
DA:228,5
DA:229,5
DA:230,5
DA:231,5
DA:232,4
DA:233,5
DA:234,5
DA:235,5
DA:236,5
DA:237,5
DA:238,1
DA:239,1
DA:240,1
DA:241,5
DA:243,5
DA:244,5
DA:246,5
DA:248,5
DA:249,5
DA:251,5
DA:252,5
DA:253,5
DA:254,5
DA:255,5
DA:256,5
DA:257,5
DA:258,5
DA:259,5
DA:260,5
DA:261,5
DA:262,5
DA:263,5
DA:264,5
DA:265,5
DA:266,5
DA:267,5
DA:268,5
DA:270,5
DA:271,5
DA:273,5
DA:274,5
DA:275,5
DA:276,5
DA:277,5
DA:278,5
DA:279,5
DA:280,5
DA:282,5
DA:283,0
DA:284,0
DA:285,0
DA:286,0
DA:287,0
DA:288,0
DA:289,0
DA:290,0
DA:291,0
DA:293,5
DA:294,5
DA:295,5
DA:296,5
DA:297,5
DA:298,5
DA:299,5
DA:300,5
DA:302,1
DA:303,0
DA:304,0
DA:306,1
DA:307,0
DA:308,0
DA:309,0
DA:310,0
DA:312,0
DA:313,0
DA:315,0
DA:316,0
DA:317,0
DA:318,0
DA:319,0
DA:320,0
DA:321,0
DA:322,0
DA:323,0
DA:324,0
DA:326,0
DA:327,0
LF:254
LH:190
BRDA:64,0,0,5
BRDA:68,1,0,0
BRDA:75,2,0,0
BRDA:82,3,0,0
BRDA:88,4,0,5
BRDA:93,5,0,0
BRDA:96,6,0,0
BRDA:104,7,0,0
BRDA:111,8,0,0
BRDA:112,9,0,0
BRDA:113,10,0,0
BRDA:114,11,0,0
BRDA:117,12,0,3
BRDA:117,13,0,2
BRDA:124,14,0,0
BRDA:129,15,0,0
BRDA:156,16,0,1
BRDA:157,17,0,0
BRDA:178,18,0,1
BRDA:179,19,0,0
BRDA:194,20,0,1
BRDA:195,21,0,0
BRDA:209,22,0,1
BRDA:210,23,0,0
BRDA:222,24,0,1
BRDA:223,25,0,0
BRDA:237,26,0,1
BRDA:238,27,0,0
BRDA:244,28,0,0
BRDA:244,29,0,0
BRDA:246,30,0,0
BRDA:278,31,0,3
BRDA:280,32,0,3
BRDA:282,33,0,0
BRDA:149,34,0,4
BRDA:150,35,0,0
BRDA:168,36,0,4
BRDA:169,37,0,0
BRDA:187,38,0,4
BRDA:188,39,0,0
BRDA:203,40,0,4
BRDA:218,41,0,4
BRDA:231,42,0,4
BRF:43
BRH:18
end_of_record
TN:
SF:src/index.ts
FN:1,(empty-report)
FNF:1
FNH:1
FNDA:1,(empty-report)
DA:3,0
DA:5,0
DA:7,0
DA:8,0
DA:9,0
DA:10,0
DA:11,0
DA:12,0
DA:15,0
DA:16,0
DA:17,0
LF:11
LH:0
BRDA:1,0,0,1
BRF:1
BRH:1
end_of_record
TN:
SF:src/init.ts
FN:1,(empty-report)
FNF:1
FNH:0
FNDA:0,(empty-report)
DA:1,0
DA:2,0
DA:3,0
DA:5,0
DA:10,0
DA:20,0
DA:21,0
DA:22,0
DA:23,0
DA:24,0
DA:26,0
DA:27,0
DA:28,0
DA:29,0
DA:30,0
DA:31,0
DA:32,0
DA:33,0
DA:35,0
DA:36,0
DA:37,0
DA:38,0
DA:39,0
DA:40,0
DA:41,0
DA:43,0
DA:44,0
DA:45,0
DA:46,0
DA:47,0
DA:48,0
DA:49,0
DA:50,0
DA:51,0
DA:52,0
DA:53,0
DA:54,0
DA:55,0
DA:56,0
DA:58,0
DA:59,0
DA:60,0
DA:61,0
DA:62,0
DA:63,0
DA:64,0
DA:66,0
DA:67,0
DA:68,0
DA:70,0
DA:71,0
DA:72,0
DA:73,0
DA:74,0
LF:54
LH:0
BRDA:1,0,0,0
BRF:1
BRH:0
end_of_record
TN:
SF:src/overlay.ts
FN:7,readOverlay
FNF:1
FNH:1
FNDA:6,readOverlay
DA:1,1
DA:2,1
DA:4,1
DA:5,1
DA:7,1
DA:8,6
DA:9,6
DA:10,6
DA:12,2
DA:13,2
DA:14,2
DA:16,2
DA:17,2
DA:18,2
DA:19,2
DA:21,2
DA:22,6
DA:23,0
DA:24,0
DA:25,6
LF:20
LH:18
BRDA:7,0,0,6
BRDA:9,1,0,0
BRDA:10,2,0,4
BRDA:10,3,0,2
BRDA:14,4,0,0
BRDA:21,5,0,0
BRDA:22,6,0,0
BRDA:18,7,0,3
BRF:8
BRH:4
end_of_record
TN:
SF:src/profiles.ts
FN:55,resolveProfile
FN:61,applyProfile
FN:65,mergeProfileSections
FNF:3
FNH:3
FNDA:10,resolveProfile
FNDA:5,applyProfile
FNDA:5,mergeProfileSections
DA:12,1
DA:13,1
DA:14,1
DA:15,1
DA:16,1
DA:17,1
DA:18,1
DA:19,1
DA:20,1
DA:21,1
DA:22,1
DA:23,1
DA:24,1
DA:25,1
DA:26,1
DA:27,1
DA:28,1
DA:29,1
DA:30,1
DA:31,1
DA:32,1
DA:33,1
DA:34,1
DA:35,1
DA:36,1
DA:37,1
DA:38,1
DA:39,1
DA:40,1
DA:41,1
DA:42,1
DA:43,1
DA:44,1
DA:45,1
DA:46,1
DA:47,1
DA:48,1
DA:49,1
DA:50,1
DA:51,1
DA:52,1
DA:53,1
DA:55,1
DA:56,10
DA:57,0
DA:58,0
DA:59,0
DA:61,1
DA:62,5
DA:63,5
DA:65,1
DA:66,5
DA:67,5
DA:68,5
LF:54
LH:51
BRDA:55,0,0,10
BRDA:56,1,0,0
BRDA:56,2,0,0
BRDA:61,3,0,5
BRDA:65,4,0,5
BRF:5
BRH:3
end_of_record
TN:
SF:src/renderer.ts
FN:18,isRecentMerge
FN:24,buildSections
FN:252,applyTokenCap
FN:276,renderHandoff
FNF:4
FNH:3
FNDA:0,isRecentMerge
FNDA:10,buildSections
FNDA:10,applyTokenCap
FNDA:10,renderHandoff
DA:1,1
DA:2,1
DA:10,1
DA:11,1
DA:18,0
DA:19,0
DA:20,0
DA:21,0
DA:22,0
DA:24,10
DA:25,10
DA:26,10
DA:27,10
DA:29,10
DA:30,10
DA:31,10
DA:32,10
DA:33,2
DA:34,2
DA:35,2
DA:36,2
DA:37,2
DA:38,0
DA:39,0
DA:40,2
DA:41,2
DA:42,10
DA:44,10
DA:45,10
DA:46,10
DA:47,2
DA:48,2
DA:49,4
DA:50,4
DA:51,2
DA:52,2
DA:53,10
DA:55,10
DA:56,1
DA:57,1
DA:58,1
DA:60,10
DA:61,10
DA:62,10
DA:63,10
DA:64,9
DA:65,10
DA:66,10
DA:67,10
DA:68,10
DA:69,10
DA:70,10
DA:71,10
DA:72,10
DA:73,10
DA:74,10
DA:75,10
DA:76,10
DA:77,10
DA:78,10
DA:79,10
DA:80,10
DA:82,10
DA:83,2
DA:84,2
DA:85,2
DA:86,2
DA:87,2
DA:88,2
DA:89,2
DA:91,10
DA:92,2
DA:93,2
DA:94,2
DA:95,2
DA:96,2
DA:97,2
DA:98,2
DA:99,2
DA:101,10
DA:102,2
DA:103,2
DA:104,2
DA:105,2
DA:106,2
DA:107,2
DA:108,2
DA:109,2
DA:110,2
DA:112,10
DA:113,0
DA:114,0
DA:115,0
DA:116,0
DA:117,0
DA:118,0
DA:119,0
DA:120,0
DA:121,0
DA:122,0
DA:123,0
DA:124,0
DA:125,0
DA:127,10
DA:128,7
DA:129,7
DA:130,7
DA:131,7
DA:132,2
DA:133,2
DA:134,2
DA:135,7
DA:136,7
DA:138,10
DA:139,2
DA:140,2
DA:141,2
DA:142,2
DA:143,2
DA:144,0
DA:145,0
DA:146,0
DA:147,0
DA:148,0
DA:149,0
DA:150,2
DA:151,0
DA:152,0
DA:153,0
DA:154,2
DA:155,2
DA:156,2
DA:157,2
DA:158,2
DA:159,2
DA:161,10
DA:162,2
DA:163,2
DA:164,0
DA:165,2
DA:166,0
DA:167,2
DA:168,2
DA:169,0
DA:170,0
DA:171,0
DA:172,2
DA:173,2
DA:174,2
DA:175,0
DA:176,2
DA:177,0
DA:178,0
DA:179,2
DA:180,10
DA:181,10
DA:182,10
DA:183,0
DA:184,0
DA:185,0
DA:186,10
DA:187,10
DA:188,2
DA:189,2
DA:191,10
DA:192,2
DA:193,2
DA:194,0
DA:195,0
DA:196,0
DA:197,0
DA:198,0
DA:199,0
DA:200,0
DA:201,0
DA:202,0
DA:203,2
DA:204,2
DA:205,2
DA:206,2
DA:207,0
DA:208,0
DA:209,0
DA:210,0
DA:211,0
DA:212,0
DA:213,0
DA:214,0
DA:215,0
DA:216,2
DA:217,0
DA:218,0
DA:219,0
DA:220,0
DA:221,0
DA:222,2
DA:223,2
DA:225,10
DA:226,0
DA:227,0
DA:228,0
DA:229,0
DA:230,0
DA:231,0
DA:232,0
DA:234,10
DA:235,0
DA:236,0
DA:237,0
DA:238,0
DA:239,0
DA:241,10
DA:242,1
DA:243,1
DA:244,1
DA:245,1
DA:246,1
DA:247,1
DA:249,10
DA:250,10
DA:252,10
DA:253,10
DA:254,10
DA:255,10
DA:256,10
DA:257,10
DA:258,10
DA:260,0
DA:261,0
DA:262,0
DA:263,0
DA:265,0
DA:266,0
DA:267,0
DA:268,0
DA:269,0
DA:270,0
DA:271,0
DA:273,0
DA:274,0
DA:276,1
DA:277,10
DA:278,10
DA:279,10
DA:280,10
DA:281,10
LF:246
LH:158
BRDA:24,0,0,10
BRDA:29,1,0,2
BRDA:32,2,0,2
BRDA:37,3,0,0
BRDA:46,4,0,2
BRDA:48,5,0,4
BRDA:55,6,0,1
BRDA:63,7,0,9
BRDA:64,8,0,3
BRDA:65,9,0,8
BRDA:65,10,0,2
BRDA:66,11,0,0
BRDA:67,12,0,5
BRDA:67,13,0,5
BRDA:70,14,0,0
BRDA:71,15,0,0
BRDA:72,16,0,0
BRDA:73,17,0,0
BRDA:74,18,0,0
BRDA:75,19,0,0
BRDA:76,20,0,0
BRDA:77,21,0,0
BRDA:78,22,0,0
BRDA:82,23,0,2
BRDA:82,24,0,2
BRDA:83,25,0,0
BRDA:91,26,0,2
BRDA:95,27,0,0
BRDA:101,28,0,2
BRDA:106,29,0,0
BRDA:112,30,0,0
BRDA:112,31,0,0
BRDA:127,32,0,7
BRDA:127,33,0,7
BRDA:131,34,0,2
BRDA:138,35,0,8
BRDA:138,36,0,2
BRDA:143,37,0,0
BRDA:143,38,0,0
BRDA:150,39,0,0
BRDA:154,40,0,0
BRDA:161,41,0,5
BRDA:161,42,0,2
BRDA:161,43,0,2
BRDA:163,44,0,0
BRDA:165,45,0,0
BRDA:168,46,0,0
BRDA:174,47,0,0
BRDA:176,48,0,0
BRDA:179,49,0,10
BRDA:182,50,0,0
BRDA:182,51,0,0
BRDA:182,52,0,0
BRDA:182,53,0,0
BRDA:191,54,0,5
BRDA:191,55,0,2
BRDA:193,56,0,0
BRDA:206,57,0,0
BRDA:216,58,0,0
BRDA:225,59,0,0
BRDA:234,60,0,0
BRDA:241,61,0,1
BRDA:252,62,0,10
BRDA:258,63,0,0
BRDA:257,64,0,43
BRDA:276,65,0,10
BRDA:280,66,0,43
BRF:67
BRH:32
end_of_record
TN:
SF:src/spec.ts
FNF:0
FNH:0
DA:2,1
DA:4,1
DA:5,1
DA:6,1
DA:7,1
DA:8,1
LF:6
LH:6
BRF:0
BRH:0
end_of_record
TN:
SF:src/time.ts
FN:2,resolveTimestamp
FNF:1
FNH:1
FNDA:5,resolveTimestamp
DA:2,1
DA:3,5
DA:4,3
DA:5,3
DA:6,2
DA:7,2
DA:8,0
DA:9,0
DA:10,0
DA:11,0
DA:12,0
DA:13,2
DA:14,2
LF:13
LH:8
BRDA:2,0,0,5
BRDA:3,1,0,3
BRDA:5,2,0,2
BRDA:7,3,0,0
BRF:4
BRH:3
end_of_record
TN:
SF:src/version.ts
FN:4,readPackageVersion
FNF:1
FNH:1
FNDA:1,readPackageVersion
DA:1,1
DA:2,1
DA:4,1
DA:5,1
DA:6,1
DA:7,1
DA:8,1
DA:9,1
DA:10,1
DA:11,1
DA:12,1
DA:13,1
DA:15,0
DA:16,1
DA:17,0
DA:18,0
DA:20,1
LF:17
LH:14
BRDA:4,0,0,1
BRDA:13,1,0,0
BRDA:16,2,0,0
BRF:3
BRH:1
end_of_record
TN:
SF:src/watch.ts
FN:1,(empty-report)
FNF:1
FNH:0
FNDA:0,(empty-report)
DA:1,0
DA:2,0
DA:3,0
DA:4,0
DA:6,0
DA:8,0
DA:19,0
DA:20,0
DA:21,0
DA:23,0
DA:24,0
DA:25,0
DA:26,0
DA:27,0
DA:28,0
DA:29,0
DA:30,0
DA:31,0
DA:32,0
DA:33,0
DA:34,0
DA:35,0
DA:36,0
DA:37,0
DA:38,0
DA:39,0
DA:40,0
DA:41,0
DA:42,0
DA:43,0
DA:44,0
DA:46,0
DA:47,0
DA:49,0
DA:50,0
DA:51,0
DA:53,0
DA:54,0
DA:55,0
DA:56,0
LF:40
LH:0
BRDA:1,0,0,0
BRF:1
BRH:0
end_of_record
TN:
SF:src/analyzers/ci.ts
FN:9,extractJobsFromWorkflow
FN:34,analyzeCi
FNF:2
FNH:1
FNDA:0,extractJobsFromWorkflow
FNDA:4,analyzeCi
DA:1,1
DA:2,1
DA:9,0
DA:10,0
DA:11,0
DA:12,0
DA:14,0
DA:15,0
DA:16,0
DA:17,0
DA:18,0
DA:19,0
DA:20,0
DA:21,0
DA:22,0
DA:23,0
DA:24,0
DA:25,0
DA:26,0
DA:27,0
DA:28,0
DA:29,0
DA:30,0
DA:31,0
DA:32,0
DA:34,1
DA:35,4
DA:36,4
DA:38,0
DA:39,0
DA:40,0
DA:41,0
DA:42,0
DA:43,0
DA:45,0
DA:47,0
DA:48,0
DA:50,0
DA:51,0
DA:52,0
DA:53,0
DA:54,0
DA:55,0
DA:57,0
DA:58,0
DA:60,0
DA:61,0
DA:62,0
DA:63,0
DA:64,0
LF:50
LH:5
BRDA:34,0,0,4
BRDA:36,1,0,0
BRF:2
BRH:1
end_of_record
TN:
SF:src/analyzers/config.ts
FN:32,extractLines
FN:41,readFileLines
FN:55,readCursorRules
FN:85,readConfigs
FNF:4
FNH:4
FNDA:1,extractLines
FNDA:45,readFileLines
FNDA:5,readCursorRules
FNDA:5,readConfigs
DA:1,1
DA:2,1
DA:17,1
DA:18,1
DA:19,1
DA:20,1
DA:21,1
DA:22,1
DA:23,1
DA:24,1
DA:25,1
DA:26,1
DA:27,1
DA:29,1
DA:30,1
DA:32,1
DA:33,1
DA:34,1
DA:35,1
DA:36,1
DA:37,1
DA:38,1
DA:39,1
DA:41,45
DA:42,45
DA:43,45
DA:44,1
DA:45,1
DA:46,9
DA:47,1
DA:48,9
DA:49,1
DA:50,9
DA:51,0
DA:52,0
DA:53,45
DA:55,5
DA:56,5
DA:57,5
DA:59,0
DA:60,0
DA:61,0
DA:62,0
DA:63,0
DA:64,0
DA:66,0
DA:67,0
DA:68,0
DA:69,0
DA:70,0
DA:71,0
DA:72,0
DA:73,0
DA:74,0
DA:75,0
DA:77,0
DA:78,0
DA:79,0
DA:81,0
DA:82,0
DA:83,0
DA:85,1
DA:86,5
DA:88,5
DA:89,45
DA:90,45
DA:91,45
DA:93,5
DA:95,5
DA:96,0
DA:97,0
DA:98,0
DA:99,0
DA:100,0
DA:101,0
DA:103,5
DA:105,1
DA:106,1
DA:107,1
DA:108,1
DA:109,1
DA:110,1
DA:111,1
DA:112,1
DA:113,1
DA:115,1
DA:117,1
DA:118,1
DA:119,1
DA:120,1
DA:121,1
DA:122,1
LF:92
LH:62
BRDA:32,0,0,1
BRDA:35,1,0,4
BRDA:36,2,0,4
BRDA:37,3,0,3
BRDA:37,4,0,1
BRDA:41,5,0,45
BRDA:43,6,0,44
BRDA:43,7,0,9
BRDA:43,8,0,1
BRDA:46,9,0,0
BRDA:46,10,0,1
BRDA:48,11,0,0
BRDA:48,12,0,1
BRDA:50,13,0,0
BRDA:55,14,0,5
BRDA:57,15,0,0
BRDA:85,16,0,5
BRDA:88,17,0,45
BRDA:90,18,0,1
BRDA:95,19,0,0
BRDA:103,20,0,4
BRDA:103,21,0,1
BRDA:109,22,0,0
BRDA:115,23,0,1
BRDA:120,24,0,1
BRF:25
BRH:19
end_of_record
TN:
SF:src/analyzers/git.ts
FN:34,parseCommitLine
FN:41,isWithinDays
FN:48,analyzeGit
FNF:3
FNH:3
FNDA:1,parseCommitLine
FNDA:1,isWithinDays
FNDA:2,analyzeGit
DA:1,1
DA:3,1
DA:34,1
DA:35,1
DA:36,1
DA:37,1
DA:38,1
DA:39,1
DA:41,1
DA:42,1
DA:43,1
DA:44,1
DA:45,1
DA:46,1
DA:48,1
DA:49,2
DA:51,2
DA:52,1
DA:53,1
DA:55,1
DA:56,2
DA:57,2
DA:59,2
DA:60,2
DA:61,2
DA:63,1
DA:64,1
DA:65,1
DA:66,1
DA:67,1
DA:68,1
DA:69,0
DA:71,2
DA:72,2
DA:73,2
DA:75,2
DA:76,1
DA:77,1
DA:78,1
DA:79,0
DA:80,0
DA:81,1
DA:82,0
DA:83,0
DA:84,0
DA:85,0
DA:86,0
DA:87,0
DA:88,0
DA:89,0
DA:90,0
DA:91,1
DA:93,1
DA:94,2
DA:95,1
DA:96,0
DA:97,0
DA:98,0
DA:99,0
DA:100,1
DA:102,2
DA:103,2
DA:104,2
DA:105,2
DA:106,2
DA:107,2
DA:109,1
DA:110,1
DA:111,1
DA:112,1
DA:113,1
DA:114,1
DA:115,1
DA:116,1
DA:117,1
DA:118,1
DA:119,0
DA:121,2
DA:122,2
DA:123,2
DA:124,2
DA:125,2
DA:126,2
DA:127,1
DA:128,2
DA:129,0
DA:130,0
DA:132,1
DA:133,2
DA:134,1
DA:135,0
DA:136,1
DA:138,2
DA:139,2
DA:140,2
DA:141,1
DA:142,1
DA:143,1
DA:144,0
DA:145,0
DA:146,0
DA:147,0
DA:148,1
DA:150,1
DA:151,1
DA:152,1
DA:153,1
DA:154,1
DA:155,1
DA:156,1
DA:157,1
DA:158,1
DA:159,1
DA:160,1
DA:161,1
DA:162,1
LF:116
LH:92
BRDA:34,0,0,1
BRDA:36,1,0,0
BRDA:38,2,0,0
BRDA:41,3,0,1
BRDA:43,4,0,0
BRDA:48,5,0,2
BRDA:51,6,0,1
BRDA:56,7,0,0
BRDA:56,8,0,1
BRDA:57,9,0,0
BRDA:61,10,0,0
BRDA:61,11,0,1
BRDA:68,12,0,0
BRDA:72,13,0,0
BRDA:72,14,0,1
BRDA:73,15,0,0
BRDA:75,16,0,1
BRDA:75,17,0,1
BRDA:76,18,0,0
BRDA:76,19,0,0
BRDA:78,20,0,0
BRDA:78,21,0,0
BRDA:81,22,0,0
BRDA:94,23,0,0
BRDA:94,24,0,1
BRDA:95,25,0,0
BRDA:99,26,0,1
BRDA:107,27,0,0
BRDA:107,28,0,1
BRDA:118,29,0,0
BRDA:126,30,0,0
BRDA:126,31,0,1
BRDA:128,32,0,0
BRDA:130,33,0,1
BRDA:133,34,0,0
BRDA:133,35,0,1
BRDA:134,36,0,0
BRDA:135,37,0,1
BRDA:140,38,0,1
BRDA:141,39,0,0
BRDA:143,40,0,0
BRDA:68,41,0,1
BRDA:113,42,0,1
BRDA:115,43,0,0
BRDA:115,44,0,0
BRDA:117,45,0,1
BRF:46
BRH:20
end_of_record
TN:
SF:src/analyzers/github.ts
FN:14,ghAvailable
FN:19,analyzeGitHub
FNF:2
FNH:0
FNDA:0,ghAvailable
FNDA:0,analyzeGitHub
DA:1,1
DA:14,0
DA:15,0
DA:16,0
DA:17,0
DA:19,1
DA:20,0
DA:22,0
DA:23,0
DA:24,0
DA:25,0
DA:26,0
DA:27,0
DA:28,0
DA:29,0
DA:30,0
DA:32,0
DA:33,0
DA:35,0
DA:36,0
DA:37,0
DA:38,0
DA:39,0
DA:40,0
DA:41,0
DA:42,0
DA:43,0
DA:44,0
DA:45,0
DA:47,0
DA:48,0
DA:49,0
DA:51,0
DA:52,0
DA:53,0
LF:35
LH:2
BRF:0
BRH:0
end_of_record
TN:
SF:src/analyzers/scripts.ts
FN:10,analyzeScripts
FNF:1
FNH:1
FNDA:4,analyzeScripts
DA:1,1
DA:2,1
DA:8,1
DA:10,1
DA:11,4
DA:12,4
DA:14,4
DA:15,4
DA:16,4
DA:17,4
DA:19,0
DA:21,0
DA:22,0
DA:23,0
DA:24,0
DA:25,0
DA:26,0
DA:27,0
DA:28,0
DA:30,0
DA:31,0
DA:32,0
DA:33,0
DA:34,4
LF:24
LH:11
BRDA:10,0,0,4
BRDA:12,1,0,0
BRDA:17,2,0,0
BRDA:17,3,0,0
BRF:4
BRH:1
end_of_record
TN:
SF:src/analyzers/stack.ts
FN:28,fileExists
FN:32,readJSON
FN:40,hasDep
FN:46,hasAnyDep
FN:50,setFramework
FN:55,analyzeStack
FNF:6
FNH:6
FNDA:163,fileExists
FNDA:5,readJSON
FNDA:209,hasDep
FNDA:15,hasAnyDep
FNDA:4,setFramework
FNDA:5,analyzeStack
DA:1,1
DA:2,1
DA:28,163
DA:29,163
DA:30,163
DA:32,5
DA:33,5
DA:34,5
DA:35,5
DA:36,0
DA:37,0
DA:38,5
DA:40,209
DA:41,209
DA:42,209
DA:43,209
DA:44,209
DA:46,15
DA:47,15
DA:48,15
DA:50,4
DA:51,4
DA:52,4
DA:53,4
DA:55,1
DA:56,5
DA:57,5
DA:58,5
DA:59,5
DA:60,5
DA:61,5
DA:63,5
DA:65,5
DA:66,5
DA:67,0
DA:68,0
DA:69,0
DA:70,0
DA:73,5
DA:74,1
DA:75,4
DA:76,0
DA:77,4
DA:78,0
DA:79,0
DA:80,4
DA:81,4
DA:82,4
DA:83,4
DA:84,0
DA:85,4
DA:86,0
DA:87,4
DA:88,4
DA:89,4
DA:92,5
DA:93,0
DA:94,5
DA:95,0
DA:96,5
DA:97,0
DA:98,5
DA:99,0
DA:100,5
DA:101,0
DA:102,5
DA:103,0
DA:104,5
DA:105,0
DA:106,5
DA:107,0
DA:108,5
DA:109,0
DA:110,5
DA:111,0
DA:112,5
DA:113,0
DA:114,0
DA:117,5
DA:118,5
DA:119,4
DA:120,4
DA:121,4
DA:122,4
DA:123,4
DA:124,4
DA:125,4
DA:126,4
DA:127,4
DA:128,1
DA:129,1
DA:130,1
DA:131,1
DA:132,1
DA:133,1
DA:134,1
DA:135,1
DA:136,5
DA:139,5
DA:140,0
DA:141,0
DA:142,0
DA:143,0
DA:144,0
DA:145,0
DA:146,0
DA:147,0
DA:148,0
DA:149,0
DA:150,0
DA:151,0
DA:152,0
DA:155,5
DA:156,0
DA:157,0
DA:158,0
DA:159,0
DA:160,0
DA:161,0
DA:162,0
DA:163,0
DA:166,5
DA:167,0
DA:168,0
DA:169,0
DA:170,0
DA:171,0
DA:172,0
DA:173,0
DA:176,5
DA:177,0
DA:179,0
DA:180,0
DA:181,0
DA:182,0
DA:183,0
DA:184,0
DA:185,0
DA:186,5
DA:187,0
DA:188,5
DA:189,0
DA:190,5
DA:191,0
DA:192,5
DA:193,0
DA:194,0
DA:195,5
DA:196,0
DA:197,0
DA:200,5
DA:201,5
DA:202,5
DA:203,5
DA:204,5
DA:205,5
DA:206,5
DA:209,5
DA:210,5
DA:211,5
DA:212,5
DA:213,5
DA:214,5
DA:215,5
DA:216,5
DA:217,5
DA:218,5
DA:219,0
DA:220,0
DA:221,0
DA:222,0
DA:223,0
DA:224,0
DA:225,0
DA:226,0
DA:227,0
DA:228,0
DA:229,0
DA:232,5
DA:233,5
DA:234,5
DA:235,5
DA:236,5
DA:238,5
DA:239,5
DA:240,5
DA:242,5
DA:243,5
DA:244,5
DA:247,5
DA:248,5
DA:249,5
DA:250,5
DA:251,5
DA:252,5
DA:253,5
DA:254,5
DA:255,5
DA:256,5
DA:257,0
DA:258,0
DA:259,0
DA:260,0
DA:261,0
DA:262,0
DA:263,0
DA:264,0
DA:265,0
DA:266,0
DA:267,0
DA:270,5
DA:271,5
DA:272,0
DA:273,0
DA:274,0
DA:275,0
DA:276,0
DA:277,0
DA:278,0
DA:279,0
DA:281,5
DA:282,5
LF:222
LH:126
BRDA:28,0,0,163
BRDA:32,1,0,5
BRDA:35,2,0,0
BRDA:40,3,0,209
BRDA:41,4,0,0
BRDA:46,5,0,15
BRDA:47,6,0,90
BRDA:50,7,0,4
BRDA:55,8,0,5
BRDA:65,9,0,0
BRDA:66,10,0,0
BRDA:73,11,0,4
BRDA:73,12,0,4
BRDA:73,13,0,1
BRDA:75,14,0,0
BRDA:77,15,0,0
BRDA:83,16,0,0
BRDA:85,17,0,0
BRDA:92,18,0,0
BRDA:94,19,0,0
BRDA:96,20,0,0
BRDA:98,21,0,0
BRDA:100,22,0,0
BRDA:102,23,0,0
BRDA:104,24,0,0
BRDA:106,25,0,0
BRDA:108,26,0,0
BRDA:110,27,0,0
BRDA:112,28,0,0
BRDA:118,29,0,4
BRDA:118,30,0,1
BRDA:119,31,0,0
BRDA:121,32,0,0
BRDA:122,33,0,0
BRDA:123,34,0,0
BRDA:124,35,0,0
BRDA:125,36,0,0
BRDA:126,37,0,0
BRDA:127,38,0,3
BRDA:127,39,0,1
BRDA:128,40,0,0
BRDA:129,41,0,0
BRDA:130,42,0,0
BRDA:131,43,0,0
BRDA:132,44,0,0
BRDA:133,45,0,0
BRDA:134,46,0,0
BRDA:135,47,0,0
BRDA:139,48,0,0
BRDA:155,49,0,0
BRDA:166,50,0,0
BRDA:176,51,0,0
BRDA:186,52,0,0
BRDA:188,53,0,0
BRDA:190,54,0,0
BRDA:192,55,0,0
BRDA:195,56,0,0
BRDA:201,57,0,0
BRDA:202,58,0,0
BRDA:203,59,0,0
BRDA:204,60,0,0
BRDA:205,61,0,0
BRDA:218,62,0,0
BRDA:232,63,0,0
BRDA:233,64,0,0
BRDA:234,65,0,0
BRDA:236,66,0,0
BRDA:242,67,0,0
BRDA:243,68,0,0
BRDA:244,69,0,0
BRDA:256,70,0,0
BRDA:271,71,0,0
BRF:72
BRH:14
end_of_record
TN:
SF:src/analyzers/structure.ts
FN:66,buildTree
FN:72,walk
FN:114,treeToString
FN:119,walk
FN:142,detectConventions
FN:211,todoScanRoots
FN:219,findTodos
FN:268,findEnvVars
FN:287,detectEntryPoints
FN:327,adaptiveMaxDepth
FN:338,analyzeStructure
FN:351,collectFiles
FN:378,getSubdirs
FNF:13
FNH:13
FNDA:9,buildTree
FNDA:9,walk
FNDA:7,treeToString
FNDA:47,walk
FNDA:9,detectConventions
FNDA:9,todoScanRoots
FNDA:9,findTodos
FNDA:9,findEnvVars
FNDA:9,detectEntryPoints
FNDA:9,adaptiveMaxDepth
FNDA:9,analyzeStructure
FNDA:18,collectFiles
FNDA:9,getSubdirs
DA:1,1
DA:2,1
DA:3,1
DA:31,1
DA:32,1
DA:33,1
DA:34,1
DA:35,1
DA:36,1
DA:37,1
DA:38,1
DA:39,1
DA:40,1
DA:41,1
DA:42,1
DA:43,1
DA:44,1
DA:45,1
DA:46,1
DA:47,1
DA:48,1
DA:49,1
DA:50,1
DA:51,1
DA:52,1
DA:53,1
DA:54,1
DA:55,1
DA:56,1
DA:58,1
DA:66,1
DA:67,9
DA:68,9
DA:69,9
DA:70,9
DA:71,9
DA:72,9
DA:73,9
DA:75,9
DA:76,9
DA:77,9
DA:78,9
DA:79,0
DA:80,0
DA:82,9
DA:85,9
DA:86,3
DA:87,3
DA:88,2
DA:89,9
DA:91,9
DA:92,12
DA:93,12
DA:94,12
DA:96,12
DA:97,0
DA:98,0
DA:99,0
DA:100,0
DA:101,0
DA:102,0
DA:103,12
DA:104,9
DA:105,9
DA:106,12
DA:108,9
DA:109,9
DA:111,9
DA:112,9
DA:114,1
DA:115,7
DA:116,7
DA:117,7
DA:119,7
DA:120,47
DA:121,87
DA:122,2
DA:123,2
DA:124,2
DA:125,85
DA:126,85
DA:127,87
DA:128,87
DA:129,87
DA:131,87
DA:132,40
DA:133,40
DA:134,40
DA:135,87
DA:136,47
DA:138,7
DA:139,7
DA:140,7
DA:142,1
DA:143,9
DA:146,9
DA:147,9
DA:148,9
DA:151,9
DA:152,9
DA:153,9
DA:154,9
DA:155,9
DA:156,9
DA:157,9
DA:158,9
DA:159,9
DA:160,0
DA:161,0
DA:164,9
DA:165,9
DA:166,9
DA:168,9
DA:169,9
DA:171,9
DA:172,0
DA:173,9
DA:174,0
DA:175,0
DA:178,9
DA:179,9
DA:180,9
DA:181,9
DA:182,0
DA:183,0
DA:185,9
DA:186,9
DA:187,9
DA:188,9
DA:189,0
DA:190,0
DA:192,9
DA:193,9
DA:194,9
DA:195,9
DA:196,0
DA:197,0
DA:200,9
DA:201,9
DA:202,9
DA:203,9
DA:204,9
DA:205,0
DA:206,0
DA:208,9
DA:209,9
DA:211,9
DA:212,9
DA:213,9
DA:214,9
DA:215,9
DA:216,9
DA:217,9
DA:219,1
DA:220,9
DA:221,9
DA:222,9
DA:223,9
DA:224,9
DA:225,9
DA:227,9
DA:228,9
DA:229,9
DA:230,9
DA:231,9
DA:232,9
DA:233,9
DA:234,9
DA:235,9
DA:236,9
DA:237,9
DA:238,9
DA:239,9
DA:241,9
DA:242,9
DA:243,9
DA:244,9
DA:246,0
DA:247,0
DA:248,0
DA:249,0
DA:250,0
DA:251,0
DA:252,0
DA:253,0
DA:254,0
DA:255,0
DA:256,0
DA:257,0
DA:258,0
DA:259,0
DA:260,0
DA:261,0
DA:262,0
DA:263,9
DA:265,9
DA:266,9
DA:268,1
DA:269,9
DA:270,9
DA:271,36
DA:272,36
DA:273,0
DA:274,0
DA:275,0
DA:276,0
DA:277,0
DA:278,0
DA:279,0
DA:280,0
DA:281,0
DA:282,0
DA:283,36
DA:284,9
DA:285,9
DA:287,1
DA:288,9
DA:289,9
DA:290,9
DA:291,9
DA:292,9
DA:293,9
DA:294,9
DA:295,9
DA:296,9
DA:297,9
DA:298,9
DA:299,9
DA:300,9
DA:301,9
DA:302,9
DA:303,9
DA:304,9
DA:305,9
DA:306,9
DA:307,9
DA:308,9
DA:309,9
DA:310,9
DA:311,9
DA:312,9
DA:313,9
DA:314,9
DA:315,9
DA:316,9
DA:318,9
DA:319,234
DA:320,0
DA:321,0
DA:322,234
DA:324,9
DA:325,9
DA:327,9
DA:328,9
DA:329,9
DA:330,9
DA:331,0
DA:332,0
DA:333,0
DA:334,0
DA:335,0
DA:336,9
DA:338,1
DA:339,9
DA:340,9
DA:341,9
DA:342,9
DA:343,9
DA:344,9
DA:345,9
DA:346,9
DA:347,9
DA:351,18
DA:352,18
DA:353,18
DA:354,18
DA:356,18
DA:357,18
DA:358,18
DA:359,18
DA:360,0
DA:361,0
DA:363,18
DA:364,24
DA:365,24
DA:367,18
DA:368,24
DA:369,0
DA:370,24
DA:371,18
DA:372,18
DA:373,24
DA:375,18
DA:376,18
DA:378,9
DA:379,9
DA:380,9
DA:381,9
DA:382,9
DA:383,9
DA:384,9
DA:385,0
DA:386,0
DA:387,9
LF:304
LH:244
BRDA:66,0,0,9
BRDA:72,1,0,9
BRDA:73,2,0,0
BRDA:78,3,0,0
BRDA:91,4,0,12
BRDA:92,5,0,0
BRDA:93,6,0,0
BRDA:94,7,0,10
BRDA:94,8,0,3
BRDA:94,9,0,9
BRDA:96,10,0,0
BRDA:103,11,0,9
BRDA:85,12,0,3
BRDA:86,13,0,0
BRDA:86,14,0,0
BRDA:87,15,0,1
BRDA:87,16,0,2
BRDA:114,17,0,7
BRDA:119,18,0,47
BRDA:120,19,0,87
BRDA:121,20,0,2
BRDA:124,21,0,85
BRDA:127,22,0,45
BRDA:127,23,0,40
BRDA:131,24,0,40
BRDA:132,25,0,0
BRDA:135,26,0,45
BRDA:142,27,0,9
BRDA:146,28,0,0
BRDA:153,29,0,0
BRDA:154,30,0,0
BRDA:155,31,0,0
BRDA:156,32,0,0
BRDA:159,33,0,0
BRDA:171,34,0,0
BRDA:173,35,0,0
BRDA:181,36,0,0
BRDA:188,37,0,0
BRDA:195,38,0,0
BRDA:204,39,0,0
BRDA:148,40,0,9
BRDA:158,41,0,36
BRDA:186,42,0,9
BRDA:193,43,0,9
BRDA:202,44,0,9
BRDA:202,45,0,0
BRDA:211,46,0,9
BRDA:213,47,0,0
BRDA:214,48,0,0
BRDA:219,49,0,9
BRDA:242,50,0,0
BRDA:244,51,0,0
BRDA:268,52,0,9
BRDA:270,53,0,36
BRDA:272,54,0,0
BRDA:287,55,0,9
BRDA:318,56,0,234
BRDA:319,57,0,0
BRDA:327,58,0,9
BRDA:330,59,0,0
BRDA:329,60,0,12
BRDA:338,61,0,9
BRDA:344,62,0,0
BRDA:351,63,0,18
BRDA:352,64,0,0
BRDA:354,65,0,0
BRDA:359,66,0,0
BRDA:363,67,0,24
BRDA:364,68,0,0
BRDA:365,69,0,20
BRDA:365,70,0,6
BRDA:365,71,0,18
BRDA:368,72,0,0
BRDA:370,73,0,18
BRDA:378,74,0,9
BRDA:384,75,0,0
BRDA:382,76,0,12
BRDA:382,77,0,1
BRDA:382,78,0,0
BRF:79
BRH:43
end_of_record
TN:
SF:src/analyzers/workspace.ts
FN:9,fileExists
FN:13,readText
FN:21,analyzeWorkspace
FNF:3
FNH:2
FNDA:12,fileExists
FNDA:0,readText
FNDA:4,analyzeWorkspace
DA:1,1
DA:2,1
DA:9,12
DA:10,12
DA:11,12
DA:13,0
DA:14,0
DA:15,0
DA:16,0
DA:17,0
DA:18,0
DA:19,0
DA:21,1
DA:22,4
DA:23,0
DA:24,0
DA:25,0
DA:26,0
DA:27,0
DA:28,0
DA:29,0
DA:30,0
DA:31,0
DA:33,4
DA:34,0
DA:35,0
DA:36,0
DA:37,0
DA:38,0
DA:39,0
DA:40,0
DA:41,0
DA:43,0
DA:44,0
DA:45,0
DA:46,0
DA:48,4
DA:49,0
DA:50,0
DA:52,4
DA:53,4
DA:54,4
DA:55,0
DA:56,0
DA:57,4
DA:58,0
DA:59,0
DA:60,4
DA:62,0
DA:64,4
DA:65,4
LF:51
LH:16
BRDA:9,0,0,12
BRDA:21,1,0,4
BRDA:22,2,0,0
BRDA:33,3,0,0
BRDA:48,4,0,0
BRDA:54,5,0,0
BRDA:57,6,0,0
BRDA:57,7,0,0
BRDA:60,8,0,0
BRF:9
BRH:2
end_of_record
TN:
SF:src/synthesis/now.ts
FN:8,parseChangedPath
FN:14,isRecentDate
FN:20,synthesizeNow
FNF:3
FNH:3
FNDA:3,parseChangedPath
FNDA:2,isRecentDate
FNDA:13,synthesizeNow
DA:8,3
DA:9,3
DA:10,3
DA:11,0
DA:12,0
DA:14,2
DA:15,2
DA:16,2
DA:17,2
DA:18,2
DA:20,1
DA:21,13
DA:22,13
DA:24,13
DA:25,2
DA:26,2
DA:27,2
DA:28,2
DA:29,2
DA:30,2
DA:32,13
DA:33,1
DA:34,1
DA:35,1
DA:36,1
DA:37,1
DA:39,13
DA:40,2
DA:41,2
DA:42,2
DA:43,2
DA:44,2
DA:46,2
DA:47,2
DA:48,2
DA:49,2
DA:50,2
DA:51,0
DA:52,0
DA:53,0
DA:54,0
DA:55,0
DA:56,2
DA:58,13
DA:59,13
DA:60,3
DA:61,3
DA:62,0
DA:63,0
DA:64,0
DA:65,3
DA:66,3
DA:68,13
DA:69,2
DA:70,0
DA:71,0
DA:72,0
DA:73,0
DA:74,2
DA:75,2
DA:76,2
DA:77,2
DA:79,13
DA:80,1
DA:81,1
DA:82,1
DA:83,1
DA:84,1
DA:86,13
DA:87,13
DA:88,13
DA:89,13
LF:72
LH:58
BRDA:8,0,0,3
BRDA:10,1,0,0
BRDA:14,2,0,2
BRDA:15,3,0,0
BRDA:16,4,0,0
BRDA:20,5,0,13
BRDA:24,6,0,5
BRDA:24,7,0,5
BRDA:24,8,0,2
BRDA:28,9,0,0
BRDA:32,10,0,5
BRDA:32,11,0,1
BRDA:39,12,0,5
BRDA:39,13,0,2
BRDA:50,14,0,0
BRDA:58,15,0,5
BRDA:59,16,0,3
BRDA:61,17,0,0
BRDA:61,18,0,0
BRDA:68,19,0,5
BRDA:68,20,0,3
BRDA:68,21,0,2
BRDA:69,22,0,0
BRDA:79,23,0,5
BRDA:79,24,0,1
BRDA:79,25,0,1
BRDA:79,26,0,4
BRDA:87,27,0,8
BRDA:87,28,0,0
BRF:29
BRH:20
end_of_record
TN:
SF:src/utils/clipboard.ts
FN:1,(empty-report)
FNF:1
FNH:0
FNDA:0,(empty-report)
DA:1,0
DA:2,0
DA:3,0
DA:4,0
DA:5,0
DA:6,0
DA:7,0
DA:8,0
DA:9,0
LF:9
LH:0
BRDA:1,0,0,0
BRF:1
BRH:0
end_of_record
TN:
SF:src/utils/exec.ts
FN:16,exec
FN:41,execWithWarning
FN:52,isGitRepo
FNF:3
FNH:3
FNDA:45,exec
FNDA:15,execWithWarning
FNDA:2,isGitRepo
DA:1,1
DA:16,1
DA:17,45
DA:18,45
DA:19,45
DA:20,45
DA:21,45
DA:22,45
DA:23,45
DA:24,45
DA:25,45
DA:26,33
DA:27,33
DA:28,33
DA:29,33
DA:30,33
DA:31,33
DA:32,33
DA:33,45
DA:41,1
DA:42,15
DA:43,15
DA:44,11
DA:45,11
DA:46,4
DA:47,4
DA:48,4
DA:49,4
DA:50,4
DA:52,1
DA:53,2
DA:54,2
DA:55,2
LF:33
LH:33
BRDA:16,0,0,45
BRDA:19,1,0,2
BRDA:25,2,0,33
BRDA:29,3,0,0
BRDA:30,4,0,0
BRDA:41,5,0,15
BRDA:43,6,0,11
BRDA:45,7,0,4
BRDA:52,8,0,2
BRDA:54,9,0,1
BRF:10
BRH:8
end_of_record
TN:
SF:src/utils/ignore.ts
FN:16,isIgnored
FN:41,shouldSkipEntry
FNF:2
FNH:2
FNDA:36,isIgnored
FNDA:36,shouldSkipEntry
DA:1,1
DA:2,1
DA:4,1
DA:5,1
DA:6,1
DA:7,1
DA:8,1
DA:9,1
DA:10,1
DA:11,1
DA:12,1
DA:13,1
DA:14,1
DA:16,1
DA:17,36
DA:18,36
DA:19,36
DA:20,36
DA:21,36
DA:22,36
DA:23,36
DA:24,9
DA:25,9
DA:26,36
DA:28,36
DA:30,27
DA:31,27
DA:32,36
DA:34,36
DA:35,0
DA:36,0
DA:37,0
DA:38,27
DA:39,27
DA:41,1
DA:42,36
DA:43,36
DA:44,36
DA:45,36
DA:46,36
DA:47,36
DA:48,36
DA:49,36
DA:50,36
DA:51,36
LF:45
LH:42
BRDA:16,0,0,36
BRDA:23,1,0,9
BRDA:23,2,0,30
BRDA:23,3,0,9
BRDA:25,4,0,27
BRDA:26,5,0,0
BRDA:26,6,0,27
BRDA:28,7,0,0
BRDA:28,8,0,27
BRDA:32,9,0,0
BRDA:32,10,0,27
BRDA:34,11,0,0
BRDA:37,12,0,27
BRDA:41,13,0,36
BRDA:49,14,0,0
BRF:15
BRH:10
end_of_record
TN:
SF:src/utils/tokens.ts
FN:9,accurateCounter
FN:14,countTokens
FNF:2
FNH:2
FNDA:5,accurateCounter
FNDA:5,countTokens
DA:1,1
DA:3,1
DA:5,1
DA:8,1
DA:9,1
DA:10,0
DA:11,0
DA:12,0
DA:14,1
DA:15,5
DA:16,5
DA:17,5
DA:18,5
DA:20,0
DA:21,5
DA:22,0
DA:23,0
LF:17
LH:11
BRDA:10,0,0,0
BRDA:9,1,0,5
BRDA:14,2,0,5
BRDA:18,3,0,0
BRDA:21,4,0,0
BRF:5
BRH:2
end_of_record
